[    1835ms] [LOG] %c
▲

  ________            ___    ____   ________                __
 /_  __/ /_  ___     /   |  /  _/  / ____/ /___  __  ______/ /
  / / / __ \/ _ \   / /| |  / /   / /   / / __ \/ / / / __  /
 / / / / / /  __/  / ___ |_/ /   / /___/ / /_/ / /_/ / /_/ /
/_/ /_/ /_/\___/  /_/  |_/___/   \____/_/\____/\__,_/\__,_/
  

Hello!

- Open Source https://vercel.com/oss
- Careers https://vercel.com/careers
- Status https://vercel-status.com

 font-family: "Geist Mono", monospace; white-space: pre; line-height: 1; @ https://vercel.com/_next/static/chunks/1-oagafcmfq95.js?dpl=dpl_BgqwAw3ywL31hobLKbHAZ7Vv5d9D:72
[    3673ms] [WARNING] [GSI_LOGGER]: Your client application uses one of the Google One Tap prompt UI status methods that may stop functioning when FedCM becomes mandatory. Refer to the migration guide to update your code accordingly and opt-in to FedCM to test your changes. Learn more: https://developers.google.com/identity/gsi/web/guides/fedcm-migration?s=dc#display_moment and https://developers.google.com/identity/gsi/web/guides/fedcm-migration?s=dc#skipped_moment @ https://accounts.google.com/gsi/client:80
[    3689ms] [ERROR] Not signed in with the identity provider. @ https://vercel.com/login?next=%2Fmaluarai%2Fmaluar-ai%2Fsettings%2Fenvironment-variables:0
[    3742ms] [ERROR] Failed to load resource: the server responded with a status of 403 (Forbidden) @ https://vercel.com/api/jwt:0
[    4356ms] [WARNING] Deprecated API for given entry type. @ https://vercel.com/_next/static/chunks/3ztv00wviognb.js?dpl=dpl_BgqwAw3ywL31hobLKbHAZ7Vv5d9D:18
[    5076ms] [ERROR] [GSI_LOGGER]: FedCM get() rejects with AbortError: signal is aborted without reason @ https://vercel.com/_next/static/chunks/1iti0j5_x_r-q.js?dpl=dpl_BgqwAw3ywL31hobLKbHAZ7Vv5d9D:2
[    5411ms] [ERROR] Failed to load resource: the server responded with a status of 429 (Too Many Requests) @ https://o205439.ingest.sentry.io/api/1323670/envelope/?sentry_key=d00780d432ac4ccf882f60dd02062e14&sentry_version=7&sentry_client=sentry.javascript.browser%2F7.111.0:0
[    8279ms] [VERBOSE] [DOM] Password field is not contained in a form: (More info: https://goo.gl/9p2vKq) %o @ https://accounts.google.com/v3/signin/identifier?opparams=%253F&dsh=S287915904%3A1775761270469225&client_id=258013614557-nema0dumfbottebi6to7aqi85qot9pvs.apps.googleusercontent.com&o2v=2&redirect_uri=https%3A%2F%2Fvercel.com%2Fapi%2Fregistration%2Fgoogle%2Fcallback&response_type=code&scope=openid+profile+email&service=lso&state=cae4eff540793052955039836f85cb651bf3e56519e881458086b433114d0e7463438baf1334c605f3d10285cb797e28898c94d7f2cf235c9db3c46ceed0f75b386916d46df0d69fb13bd4d12a35c899e47cb141b388fee87bc705ac257c70f3ad002bcca4cc604f619dd137c58e7ca8bcceb6498eb8a46ad7d8b618d1d8b4d2f7c95e3215ad0b32b4ac7e22978058141582562bf657bb7a1088dc899c1cf4f1d9b47976187b2f0b74245da886461965a11349c0c3342dc393096cc8fe5080dd9cb3eb1b715e70fd0f9c408f6e8d42573d69aae558c8137a85374d05e4b4606f1775ab09428eb39757944830d2f4af76bdc4a29c303ca5a97cf57ee36d0134336e492988ecccda7e9e1ef0fd3616deda686359a3c29f90347ee5da649238e4fa50b005a19e8639f2b78710a5e1d610479741fec742bdc3e1c6f97bbc&flowName=GeneralOAuthFlow&continue=https%3A%2F%2Faccounts.google.com%2Fsignin%2Foauth%2Fconsent%3Fauthuser%3Dunknown%26part%3DAJi8hAPVHfjrCnMp6gQcbCmBawbTKfS0SIjOxM3wB6XbjVu8B_gXHaKFV5obexJcVQ45-yRckYdMHiWxBXHVC_70CKPnIeFkduWEzcBQAIIsE8GZZeRVlHj1V2mlEze-w--1HKz9L5QuuMgg2PysH42dSa9NQK8VYMijf7rgfY-6dzv751Q9ZCDttFrXeNdPnUuyQDsXP-fomFEwpELKKfebaNksAMn-zoR76Pc-SVv5xC-n3ZwTdTFvOGTFoKvsdsjJcIs3lbvGLfWCkKCm27-px4xWYL6Wge7g0M2DL_ro5zDZo194TfjsW9ACxjPgr7GnRUSJ8JgyIzyMaHj3YIoJQgdvRsykKr_CXnxNXufuoiXhxltyjwhMvEutw3K0HiMm0OyXdIwckwWUVVP9W1S8T0xZVKpz8kKo1BfN91C3NC6ERNoPJ56LcgA_uS5j8XhEgFv5hcke6gdaUXaBI7_r7lnkg_p0qA%26flowName%3DGeneralOAuthFlow%26as%3DS287915904%253A1775761270469225%26client_id%3D258013614557-nema0dumfbottebi6to7aqi85qot9pvs.apps.googleusercontent.com%26requestPath%3D%252Fsignin%252Foauth%252Fconsent%23&app_domain=https%3A%2F%2Fvercel.com&rart=ANgoxcdraVTd1IDMDJ1L1D4QHSI6ElMvgGTZ1Fyg7zvbFD_DL-Itvy6_Xdjs9yOGHbQGK9DThp94Gv-p4ZWH0Jm8e9qHXDKzfE5x-sWkMW7mHeHY5FZEV58:0
[    8286ms] [LOG] %c%s color: red; background: yellow; font-size: 24px; AVISO @ https://www.gstatic.com/_/mss/boq-identity/_/js/k=boq-identity.AccountsSignInUi.pt_BR.WQSSTCnGujs.es5.O/am=Kf8GAABCEUgGwP__HzIAIACCaOB6FoAmEBkAAAAAAAAAALBAAAAaAQ/d=1/excm=_b,_tp,identifierview/ed=1/dg=0/wt=2/ujg=1/rs=AOaEmlEep5jpyp6OcZwNlmvOGf1T_Jkhbg/dti=1/m=_b,_tp:468
[    8286ms] [LOG] %c%s font-size: 18px; O uso deste console pode permitir que invasores falsifiquem sua identidade para roubar informações por meio de um ataque chamado Self-XSS.
Não insira nem cole códigos que você não conheça. @ https://www.gstatic.com/_/mss/boq-identity/_/js/k=boq-identity.AccountsSignInUi.pt_BR.WQSSTCnGujs.es5.O/am=Kf8GAABCEUgGwP__HzIAIACCaOB6FoAmEBkAAAAAAAAAALBAAAAaAQ/d=1/excm=_b,_tp,identifierview/ed=1/dg=0/wt=2/ujg=1/rs=AOaEmlEep5jpyp6OcZwNlmvOGf1T_Jkhbg/dti=1/m=_b,_tp:468
[   14859ms] [LOG] %c
▲

__  __                                     _            __
\ \/ /___  __  __   _________ _____       (_)_  _______/ /_
 \  / __ \/ / / /  / ___/ __ `/ __ \     / / / / / ___/ __/
 / / /_/ / /_/ /  / /__/ /_/ / / / /    / / /_/ (__  ) /_
/_/\____/\__,_/   \___/\__,_/_/ /_/  __/ /\__,_/____/\__/
         __    _          __  __    /___/
   _____/ /_  (_)___     / /_/ /_  (_)___  ____ ______
  / ___/ __ \/ / __ \   / __/ __ \/ / __ \/ __ `/ ___/
 (__  ) / / / / /_/ /  / /_/ / / / / / / / /_/ (__  )
/____/_/ /_/_/ .___/   \__/_/ /_/_/_/ /_/\__, /____/
            /_/                         /____/
  

Hello!

- Open Source https://vercel.com/oss
- Careers https://vercel.com/careers
- Status https://vercel-status.com

 font-family: "Geist Mono", monospace; white-space: pre; line-height: 1; @ https://vercel.com/_next/static/chunks/1-oagafcmfq95.js?dpl=dpl_BgqwAw3ywL31hobLKbHAZ7Vv5d9D:72
[   15331ms] [WARNING] [GSI_LOGGER]: Your client application uses one of the Google One Tap prompt UI status methods that may stop functioning when FedCM becomes mandatory. Refer to the migration guide to update your code accordingly and opt-in to FedCM to test your changes. Learn more: https://developers.google.com/identity/gsi/web/guides/fedcm-migration?s=dc#display_moment and https://developers.google.com/identity/gsi/web/guides/fedcm-migration?s=dc#skipped_moment @ https://accounts.google.com/gsi/client:80
[   15766ms] [WARNING] Deprecated API for given entry type. @ https://vercel.com/_next/static/chunks/3ztv00wviognb.js?dpl=dpl_BgqwAw3ywL31hobLKbHAZ7Vv5d9D:18
[   15946ms] [ERROR] Failed to load resource: the server responded with a status of 403 (Forbidden) @ https://vercel.com/api/jwt:0
[   16009ms] [ERROR] Not signed in with the identity provider. @ https://vercel.com/login?next=%2Fmaluarai%2Fmaluar-ai%2Fsettings%2Fenvironment-variables:0
[   17397ms] [ERROR] [GSI_LOGGER]: FedCM get() rejects with AbortError: signal is aborted without reason @ https://vercel.com/_next/static/chunks/1iti0j5_x_r-q.js?dpl=dpl_BgqwAw3ywL31hobLKbHAZ7Vv5d9D:2
[   17681ms] [ERROR] Failed to load resource: the server responded with a status of 429 (Too Many Requests) @ https://o205439.ingest.sentry.io/api/1323670/envelope/?sentry_key=d00780d432ac4ccf882f60dd02062e14&sentry_version=7&sentry_client=sentry.javascript.browser%2F7.111.0:0
[  259668ms] [LOG] %c
▲

    ________   _ __ _          ____           __
   /  _/ __/  (_) /( )_____   / __/___ ______/ /_
   / // /_   / / __/// ___/  / /_/ __ `/ ___/ __/
 _/ // __/  / / /_  (__  )  / __/ /_/ (__  ) /_
/___/_/    /_/\__/ /____/  /_/  \__,_/____/\__/
    _ __ _                         _    __                    __
   (_) /( )_____   ____  ____     | |  / /__  _____________  / /
  / / __/// ___/  / __ \/ __ \    | | / / _ \/ ___/ ___/ _ \/ /
 / / /_  (__  )  / /_/ / / / /    | |/ /  __/ /  / /__/  __/ /
/_/\__/ /____/   \____/_/ /_/     |___/\___/_/   \___/\___/_/
  

Hello!

- Open Source https://vercel.com/oss
- Careers https://vercel.com/careers
- Status https://vercel-status.com

 font-family: "Geist Mono", monospace; white-space: pre; line-height: 1; @ https://vercel.com/_next/static/chunks/1bs8h_v41y-z_.js?dpl=dpl_BgqwAw3ywL31hobLKbHAZ7Vv5d9D:72
[  260436ms] [WARNING] Deprecated API for given entry type. @ https://vercel.com/_next/static/chunks/15-ctvgk2qmj0.js?dpl=dpl_BgqwAw3ywL31hobLKbHAZ7Vv5d9D:18
[  260674ms] [ERROR] Failed to load resource: the server responded with a status of 403 (Forbidden) @ https://vercel.com/api/jwt:0
[  261745ms] [ERROR] Failed to load resource: the server responded with a status of 404 (Not Found) @ https://vercel.com/_next/data/build-TfctsWXpff2fKS/maluarai/maluar-ai/settings/environment-variables.json:0
[  262219ms] [LOG] %c
▲

__  __                                     _            __
\ \/ /___  __  __   _________ _____       (_)_  _______/ /_
 \  / __ \/ / / /  / ___/ __ `/ __ \     / / / / / ___/ __/
 / / /_/ / /_/ /  / /__/ /_/ / / / /    / / /_/ (__  ) /_
/_/\____/\__,_/   \___/\__,_/_/ /_/  __/ /\__,_/____/\__/
         __    _          __  __    /___/
   _____/ /_  (_)___     / /_/ /_  (_)___  ____ ______
  / ___/ __ \/ / __ \   / __/ __ \/ / __ \/ __ `/ ___/
 (__  ) / / / / /_/ /  / /_/ / / / / / / / /_/ (__  )
/____/_/ /_/_/ .___/   \__/_/ /_/_/_/ /_/\__, /____/
            /_/                         /____/
  

Hello!

- Open Source https://vercel.com/oss
- Careers https://vercel.com/careers
- Status https://vercel-status.com

 font-family: "Geist Mono", monospace; white-space: pre; line-height: 1; @ https://vercel.com/_next/static/chunks/1-oagafcmfq95.js?dpl=dpl_BgqwAw3ywL31hobLKbHAZ7Vv5d9D:72
[  266750ms] [WARNING] Deprecated API for given entry type. @ https://vercel.com/_next/static/chunks/3ztv00wviognb.js?dpl=dpl_BgqwAw3ywL31hobLKbHAZ7Vv5d9D:18
[  282501ms] [WARNING] The resource https://vercel.com/_next/static/chunks/0py1m4_-zl6s0.css?dpl=dpl_BgqwAw3ywL31hobLKbHAZ7Vv5d9D was preloaded using link preload but not used within a few seconds from the window's load event. Please make sure it has an appropriate `as` value and it is preloaded intentionally. @ https://vercel.com/maluarai/maluar-ai/settings/environment-variables:0
[  282501ms] [WARNING] The resource https://vercel.com/_next/static/chunks/25nnd13fh_4k5.css?dpl=dpl_BgqwAw3ywL31hobLKbHAZ7Vv5d9D was preloaded using link preload but not used within a few seconds from the window's load event. Please make sure it has an appropriate `as` value and it is preloaded intentionally. @ https://vercel.com/maluarai/maluar-ai/settings/environment-variables:0
[  282501ms] [WARNING] The resource https://vercel.com/_next/static/chunks/3-nexyhftg-t3.css?dpl=dpl_BgqwAw3ywL31hobLKbHAZ7Vv5d9D was preloaded using link preload but not used within a few seconds from the window's load event. Please make sure it has an appropriate `as` value and it is preloaded intentionally. @ https://vercel.com/maluarai/maluar-ai/settings/environment-variables:0
[  282501ms] [WARNING] The resource https://vercel.com/_next/static/chunks/30eev0j8vyh7f.css?dpl=dpl_BgqwAw3ywL31hobLKbHAZ7Vv5d9D was preloaded using link preload but not used within a few seconds from the window's load event. Please make sure it has an appropriate `as` value and it is preloaded intentionally. @ https://vercel.com/maluarai/maluar-ai/settings/environment-variables:0
[  282501ms] [WARNING] The resource https://vercel.com/_next/static/chunks/1dauoccxptplq.css?dpl=dpl_BgqwAw3ywL31hobLKbHAZ7Vv5d9D was preloaded using link preload but not used within a few seconds from the window's load event. Please make sure it has an appropriate `as` value and it is preloaded intentionally. @ https://vercel.com/maluarai/maluar-ai/settings/environment-variables:0
[  282501ms] [WARNING] The resource https://vercel.com/_next/static/chunks/15z6hqmqioxmw.css?dpl=dpl_BgqwAw3ywL31hobLKbHAZ7Vv5d9D was preloaded using link preload but not used within a few seconds from the window's load event. Please make sure it has an appropriate `as` value and it is preloaded intentionally. @ https://vercel.com/maluarai/maluar-ai/settings/environment-variables:0
[  282501ms] [WARNING] The resource https://vercel.com/_next/static/chunks/0bfk5e02tdibj.css?dpl=dpl_BgqwAw3ywL31hobLKbHAZ7Vv5d9D was preloaded using link preload but not used within a few seconds from the window's load event. Please make sure it has an appropriate `as` value and it is preloaded intentionally. @ https://vercel.com/maluarai/maluar-ai/settings/environment-variables:0
[  282501ms] [WARNING] The resource https://vercel.com/_next/static/chunks/1_37s3uag80b2.css?dpl=dpl_BgqwAw3ywL31hobLKbHAZ7Vv5d9D was preloaded using link preload but not used within a few seconds from the window's load event. Please make sure it has an appropriate `as` value and it is preloaded intentionally. @ https://vercel.com/maluarai/maluar-ai/settings/environment-variables:0
[  282501ms] [WARNING] The resource https://vercel.com/_next/static/chunks/2tiezuxok7loi.css?dpl=dpl_BgqwAw3ywL31hobLKbHAZ7Vv5d9D was preloaded using link preload but not used within a few seconds from the window's load event. Please make sure it has an appropriate `as` value and it is preloaded intentionally. @ https://vercel.com/maluarai/maluar-ai/settings/environment-variables:0
[  282501ms] [WARNING] The resource https://vercel.com/_next/static/chunks/17f0l6hzzjgle.css?dpl=dpl_BgqwAw3ywL31hobLKbHAZ7Vv5d9D was preloaded using link preload but not used within a few seconds from the window's load event. Please make sure it has an appropriate `as` value and it is preloaded intentionally. @ https://vercel.com/maluarai/maluar-ai/settings/environment-variables:0
[  282501ms] [WARNING] The resource https://vercel.com/_next/static/chunks/1osj3xgh9qd8m.css?dpl=dpl_BgqwAw3ywL31hobLKbHAZ7Vv5d9D was preloaded using link preload but not used within a few seconds from the window's load event. Please make sure it has an appropriate `as` value and it is preloaded intentionally. @ https://vercel.com/maluarai/maluar-ai/settings/environment-variables:0
[  282501ms] [WARNING] The resource https://vercel.com/_next/static/chunks/1q0xil20t6asv.css?dpl=dpl_BgqwAw3ywL31hobLKbHAZ7Vv5d9D was preloaded using link preload but not used within a few seconds from the window's load event. Please make sure it has an appropriate `as` value and it is preloaded intentionally. @ https://vercel.com/maluarai/maluar-ai/settings/environment-variables:0
[  282501ms] [WARNING] The resource https://vercel.com/_next/static/chunks/3-uwim4km9d2w.css?dpl=dpl_BgqwAw3ywL31hobLKbHAZ7Vv5d9D was preloaded using link preload but not used within a few seconds from the window's load event. Please make sure it has an appropriate `as` value and it is preloaded intentionally. @ https://vercel.com/maluarai/maluar-ai/settings/environment-variables:0
[  282501ms] [WARNING] The resource https://vercel.com/_next/static/chunks/1_noe_sqa8v1o.css?dpl=dpl_BgqwAw3ywL31hobLKbHAZ7Vv5d9D was preloaded using link preload but not used within a few seconds from the window's load event. Please make sure it has an appropriate `as` value and it is preloaded intentionally. @ https://vercel.com/maluarai/maluar-ai/settings/environment-variables:0
[  282501ms] [WARNING] The resource https://vercel.com/_next/static/chunks/23gt4n5nm5310.css?dpl=dpl_BgqwAw3ywL31hobLKbHAZ7Vv5d9D was preloaded using link preload but not used within a few seconds from the window's load event. Please make sure it has an appropriate `as` value and it is preloaded intentionally. @ https://vercel.com/maluarai/maluar-ai/settings/environment-variables:0
[  282501ms] [WARNING] The resource https://vercel.com/_next/static/chunks/3trafgdyw6a92.css?dpl=dpl_BgqwAw3ywL31hobLKbHAZ7Vv5d9D was preloaded using link preload but not used within a few seconds from the window's load event. Please make sure it has an appropriate `as` value and it is preloaded intentionally. @ https://vercel.com/maluarai/maluar-ai/settings/environment-variables:0
[  282501ms] [WARNING] The resource https://vercel.com/_next/static/chunks/13t1j7hlxsp-_.css?dpl=dpl_BgqwAw3ywL31hobLKbHAZ7Vv5d9D was preloaded using link preload but not used within a few seconds from the window's load event. Please make sure it has an appropriate `as` value and it is preloaded intentionally. @ https://vercel.com/maluarai/maluar-ai/settings/environment-variables:0
[  282501ms] [WARNING] The resource https://vercel.com/_next/static/chunks/331houzahe0cs.css?dpl=dpl_BgqwAw3ywL31hobLKbHAZ7Vv5d9D was preloaded using link preload but not used within a few seconds from the window's load event. Please make sure it has an appropriate `as` value and it is preloaded intentionally. @ https://vercel.com/maluarai/maluar-ai/settings/environment-variables:0
[  282501ms] [WARNING] The resource https://vercel.com/_next/static/chunks/3eqxfya23p0wi.css?dpl=dpl_BgqwAw3ywL31hobLKbHAZ7Vv5d9D was preloaded using link preload but not used within a few seconds from the window's load event. Please make sure it has an appropriate `as` value and it is preloaded intentionally. @ https://vercel.com/maluarai/maluar-ai/settings/environment-variables:0
[  282502ms] [WARNING] The resource https://vercel.com/_next/static/chunks/1uw1dgdf8jkn6.css?dpl=dpl_BgqwAw3ywL31hobLKbHAZ7Vv5d9D was preloaded using link preload but not used within a few seconds from the window's load event. Please make sure it has an appropriate `as` value and it is preloaded intentionally. @ https://vercel.com/maluarai/maluar-ai/settings/environment-variables:0
[  282502ms] [WARNING] The resource https://vercel.com/_next/static/chunks/09fd2re-f94a3.css?dpl=dpl_BgqwAw3ywL31hobLKbHAZ7Vv5d9D was preloaded using link preload but not used within a few seconds from the window's load event. Please make sure it has an appropriate `as` value and it is preloaded intentionally. @ https://vercel.com/maluarai/maluar-ai/settings/environment-variables:0
[  282502ms] [WARNING] The resource https://vercel.com/_next/static/chunks/06yiolhlvvowy.css?dpl=dpl_BgqwAw3ywL31hobLKbHAZ7Vv5d9D was preloaded using link preload but not used within a few seconds from the window's load event. Please make sure it has an appropriate `as` value and it is preloaded intentionally. @ https://vercel.com/maluarai/maluar-ai/settings/environment-variables:0
[  299078ms] [WARNING] The resource https://vercel.com/_next/static/chunks/0py1m4_-zl6s0.css?dpl=dpl_BgqwAw3ywL31hobLKbHAZ7Vv5d9D was preloaded using link preload but not used within a few seconds from the window's load event. Please make sure it has an appropriate `as` value and it is preloaded intentionally. @ https://vercel.com/maluarai/maluar-ai/settings/environment-variables:0
[  299078ms] [WARNING] The resource https://vercel.com/_next/static/chunks/25nnd13fh_4k5.css?dpl=dpl_BgqwAw3ywL31hobLKbHAZ7Vv5d9D was preloaded using link preload but not used within a few seconds from the window's load event. Please make sure it has an appropriate `as` value and it is preloaded intentionally. @ https://vercel.com/maluarai/maluar-ai/settings/environment-variables:0
[  299078ms] [WARNING] The resource https://vercel.com/_next/static/chunks/3-nexyhftg-t3.css?dpl=dpl_BgqwAw3ywL31hobLKbHAZ7Vv5d9D was preloaded using link preload but not used within a few seconds from the window's load event. Please make sure it has an appropriate `as` value and it is preloaded intentionally. @ https://vercel.com/maluarai/maluar-ai/settings/environment-variables:0
[  299078ms] [WARNING] The resource https://vercel.com/_next/static/chunks/30eev0j8vyh7f.css?dpl=dpl_BgqwAw3ywL31hobLKbHAZ7Vv5d9D was preloaded using link preload but not used within a few seconds from the window's load event. Please make sure it has an appropriate `as` value and it is preloaded intentionally. @ https://vercel.com/maluarai/maluar-ai/settings/environment-variables:0
[  299078ms] [WARNING] The resource https://vercel.com/_next/static/chunks/1dauoccxptplq.css?dpl=dpl_BgqwAw3ywL31hobLKbHAZ7Vv5d9D was preloaded using link preload but not used within a few seconds from the window's load event. Please make sure it has an appropriate `as` value and it is preloaded intentionally. @ https://vercel.com/maluarai/maluar-ai/settings/environment-variables:0
[  299078ms] [WARNING] The resource https://vercel.com/_next/static/chunks/15z6hqmqioxmw.css?dpl=dpl_BgqwAw3ywL31hobLKbHAZ7Vv5d9D was preloaded using link preload but not used within a few seconds from the window's load event. Please make sure it has an appropriate `as` value and it is preloaded intentionally. @ https://vercel.com/maluarai/maluar-ai/settings/environment-variables:0
[  299078ms] [WARNING] The resource https://vercel.com/_next/static/chunks/0bfk5e02tdibj.css?dpl=dpl_BgqwAw3ywL31hobLKbHAZ7Vv5d9D was preloaded using link preload but not used within a few seconds from the window's load event. Please make sure it has an appropriate `as` value and it is preloaded intentionally. @ https://vercel.com/maluarai/maluar-ai/settings/environment-variables:0
[  299078ms] [WARNING] The resource https://vercel.com/_next/static/chunks/1_37s3uag80b2.css?dpl=dpl_BgqwAw3ywL31hobLKbHAZ7Vv5d9D was preloaded using link preload but not used within a few seconds from the window's load event. Please make sure it has an appropriate `as` value and it is preloaded intentionally. @ https://vercel.com/maluarai/maluar-ai/settings/environment-variables:0
[  299078ms] [WARNING] The resource https://vercel.com/_next/static/chunks/2tiezuxok7loi.css?dpl=dpl_BgqwAw3ywL31hobLKbHAZ7Vv5d9D was preloaded using link preload but not used within a few seconds from the window's load event. Please make sure it has an appropriate `as` value and it is preloaded intentionally. @ https://vercel.com/maluarai/maluar-ai/settings/environment-variables:0
[  299078ms] [WARNING] The resource https://vercel.com/_next/static/chunks/17f0l6hzzjgle.css?dpl=dpl_BgqwAw3ywL31hobLKbHAZ7Vv5d9D was preloaded using link preload but not used within a few seconds from the window's load event. Please make sure it has an appropriate `as` value and it is preloaded intentionally. @ https://vercel.com/maluarai/maluar-ai/settings/environment-variables:0
[  299078ms] [WARNING] The resource https://vercel.com/_next/static/chunks/1osj3xgh9qd8m.css?dpl=dpl_BgqwAw3ywL31hobLKbHAZ7Vv5d9D was preloaded using link preload but not used within a few seconds from the window's load event. Please make sure it has an appropriate `as` value and it is preloaded intentionally. @ https://vercel.com/maluarai/maluar-ai/settings/environment-variables:0
[  299078ms] [WARNING] The resource https://vercel.com/_next/static/chunks/1q0xil20t6asv.css?dpl=dpl_BgqwAw3ywL31hobLKbHAZ7Vv5d9D was preloaded using link preload but not used within a few seconds from the window's load event. Please make sure it has an appropriate `as` value and it is preloaded intentionally. @ https://vercel.com/maluarai/maluar-ai/settings/environment-variables:0
[  299078ms] [WARNING] The resource https://vercel.com/_next/static/chunks/3-uwim4km9d2w.css?dpl=dpl_BgqwAw3ywL31hobLKbHAZ7Vv5d9D was preloaded using link preload but not used within a few seconds from the window's load event. Please make sure it has an appropriate `as` value and it is preloaded intentionally. @ https://vercel.com/maluarai/maluar-ai/settings/environment-variables:0
[  299078ms] [WARNING] The resource https://vercel.com/_next/static/chunks/1_noe_sqa8v1o.css?dpl=dpl_BgqwAw3ywL31hobLKbHAZ7Vv5d9D was preloaded using link preload but not used within a few seconds from the window's load event. Please make sure it has an appropriate `as` value and it is preloaded intentionally. @ https://vercel.com/maluarai/maluar-ai/settings/environment-variables:0
[  299078ms] [WARNING] The resource https://vercel.com/_next/static/chunks/23gt4n5nm5310.css?dpl=dpl_BgqwAw3ywL31hobLKbHAZ7Vv5d9D was preloaded using link preload but not used within a few seconds from the window's load event. Please make sure it has an appropriate `as` value and it is preloaded intentionally. @ https://vercel.com/maluarai/maluar-ai/settings/environment-variables:0
[  299078ms] [WARNING] The resource https://vercel.com/_next/static/chunks/3trafgdyw6a92.css?dpl=dpl_BgqwAw3ywL31hobLKbHAZ7Vv5d9D was preloaded using link preload but not used within a few seconds from the window's load event. Please make sure it has an appropriate `as` value and it is preloaded intentionally. @ https://vercel.com/maluarai/maluar-ai/settings/environment-variables:0
[  299078ms] [WARNING] The resource https://vercel.com/_next/static/chunks/13t1j7hlxsp-_.css?dpl=dpl_BgqwAw3ywL31hobLKbHAZ7Vv5d9D was preloaded using link preload but not used within a few seconds from the window's load event. Please make sure it has an appropriate `as` value and it is preloaded intentionally. @ https://vercel.com/maluarai/maluar-ai/settings/environment-variables:0
[  299078ms] [WARNING] The resource https://vercel.com/_next/static/chunks/331houzahe0cs.css?dpl=dpl_BgqwAw3ywL31hobLKbHAZ7Vv5d9D was preloaded using link preload but not used within a few seconds from the window's load event. Please make sure it has an appropriate `as` value and it is preloaded intentionally. @ https://vercel.com/maluarai/maluar-ai/settings/environment-variables:0
[  299078ms] [WARNING] The resource https://vercel.com/_next/static/chunks/3eqxfya23p0wi.css?dpl=dpl_BgqwAw3ywL31hobLKbHAZ7Vv5d9D was preloaded using link preload but not used within a few seconds from the window's load event. Please make sure it has an appropriate `as` value and it is preloaded intentionally. @ https://vercel.com/maluarai/maluar-ai/settings/environment-variables:0
[  299078ms] [WARNING] The resource https://vercel.com/_next/static/chunks/1uw1dgdf8jkn6.css?dpl=dpl_BgqwAw3ywL31hobLKbHAZ7Vv5d9D was preloaded using link preload but not used within a few seconds from the window's load event. Please make sure it has an appropriate `as` value and it is preloaded intentionally. @ https://vercel.com/maluarai/maluar-ai/settings/environment-variables:0
[  299078ms] [WARNING] The resource https://vercel.com/_next/static/chunks/09fd2re-f94a3.css?dpl=dpl_BgqwAw3ywL31hobLKbHAZ7Vv5d9D was preloaded using link preload but not used within a few seconds from the window's load event. Please make sure it has an appropriate `as` value and it is preloaded intentionally. @ https://vercel.com/maluarai/maluar-ai/settings/environment-variables:0
[  299078ms] [WARNING] The resource https://vercel.com/_next/static/chunks/06yiolhlvvowy.css?dpl=dpl_BgqwAw3ywL31hobLKbHAZ7Vv5d9D was preloaded using link preload but not used within a few seconds from the window's load event. Please make sure it has an appropriate `as` value and it is preloaded intentionally. @ https://vercel.com/maluarai/maluar-ai/settings/environment-variables:0
[  870355ms] [WARNING] The resource https://vercel.com/_next/static/chunks/0py1m4_-zl6s0.css?dpl=dpl_BgqwAw3ywL31hobLKbHAZ7Vv5d9D was preloaded using link preload but not used within a few seconds from the window's load event. Please make sure it has an appropriate `as` value and it is preloaded intentionally. @ https://vercel.com/maluarai/maluar-ai/settings/environment-variables:0
[  870356ms] [WARNING] The resource https://vercel.com/_next/static/chunks/25nnd13fh_4k5.css?dpl=dpl_BgqwAw3ywL31hobLKbHAZ7Vv5d9D was preloaded using link preload but not used within a few seconds from the window's load event. Please make sure it has an appropriate `as` value and it is preloaded intentionally. @ https://vercel.com/maluarai/maluar-ai/settings/environment-variables:0
[  870356ms] [WARNING] The resource https://vercel.com/_next/static/chunks/3-nexyhftg-t3.css?dpl=dpl_BgqwAw3ywL31hobLKbHAZ7Vv5d9D was preloaded using link preload but not used within a few seconds from the window's load event. Please make sure it has an appropriate `as` value and it is preloaded intentionally. @ https://vercel.com/maluarai/maluar-ai/settings/environment-variables:0
[  870356ms] [WARNING] The resource https://vercel.com/_next/static/chunks/30eev0j8vyh7f.css?dpl=dpl_BgqwAw3ywL31hobLKbHAZ7Vv5d9D was preloaded using link preload but not used within a few seconds from the window's load event. Please make sure it has an appropriate `as` value and it is preloaded intentionally. @ https://vercel.com/maluarai/maluar-ai/settings/environment-variables:0
[  870356ms] [WARNING] The resource https://vercel.com/_next/static/chunks/1dauoccxptplq.css?dpl=dpl_BgqwAw3ywL31hobLKbHAZ7Vv5d9D was preloaded using link preload but not used within a few seconds from the window's load event. Please make sure it has an appropriate `as` value and it is preloaded intentionally. @ https://vercel.com/maluarai/maluar-ai/settings/environment-variables:0
[  870356ms] [WARNING] The resource https://vercel.com/_next/static/chunks/15z6hqmqioxmw.css?dpl=dpl_BgqwAw3ywL31hobLKbHAZ7Vv5d9D was preloaded using link preload but not used within a few seconds from the window's load event. Please make sure it has an appropriate `as` value and it is preloaded intentionally. @ https://vercel.com/maluarai/maluar-ai/settings/environment-variables:0
[  870356ms] [WARNING] The resource https://vercel.com/_next/static/chunks/0bfk5e02tdibj.css?dpl=dpl_BgqwAw3ywL31hobLKbHAZ7Vv5d9D was preloaded using link preload but not used within a few seconds from the window's load event. Please make sure it has an appropriate `as` value and it is preloaded intentionally. @ https://vercel.com/maluarai/maluar-ai/settings/environment-variables:0
[  870356ms] [WARNING] The resource https://vercel.com/_next/static/chunks/1_37s3uag80b2.css?dpl=dpl_BgqwAw3ywL31hobLKbHAZ7Vv5d9D was preloaded using link preload but not used within a few seconds from the window's load event. Please make sure it has an appropriate `as` value and it is preloaded intentionally. @ https://vercel.com/maluarai/maluar-ai/settings/environment-variables:0
[  870356ms] [WARNING] The resource https://vercel.com/_next/static/chunks/2tiezuxok7loi.css?dpl=dpl_BgqwAw3ywL31hobLKbHAZ7Vv5d9D was preloaded using link preload but not used within a few seconds from the window's load event. Please make sure it has an appropriate `as` value and it is preloaded intentionally. @ https://vercel.com/maluarai/maluar-ai/settings/environment-variables:0
[  870356ms] [WARNING] The resource https://vercel.com/_next/static/chunks/17f0l6hzzjgle.css?dpl=dpl_BgqwAw3ywL31hobLKbHAZ7Vv5d9D was preloaded using link preload but not used within a few seconds from the window's load event. Please make sure it has an appropriate `as` value and it is preloaded intentionally. @ https://vercel.com/maluarai/maluar-ai/settings/environment-variables:0
[  870356ms] [WARNING] The resource https://vercel.com/_next/static/chunks/1osj3xgh9qd8m.css?dpl=dpl_BgqwAw3ywL31hobLKbHAZ7Vv5d9D was preloaded using link preload but not used within a few seconds from the window's load event. Please make sure it has an appropriate `as` value and it is preloaded intentionally. @ https://vercel.com/maluarai/maluar-ai/settings/environment-variables:0
[  870356ms] [WARNING] The resource https://vercel.com/_next/static/chunks/1q0xil20t6asv.css?dpl=dpl_BgqwAw3ywL31hobLKbHAZ7Vv5d9D was preloaded using link preload but not used within a few seconds from the window's load event. Please make sure it has an appropriate `as` value and it is preloaded intentionally. @ https://vercel.com/maluarai/maluar-ai/settings/environment-variables:0
[  870356ms] [WARNING] The resource https://vercel.com/_next/static/chunks/3-uwim4km9d2w.css?dpl=dpl_BgqwAw3ywL31hobLKbHAZ7Vv5d9D was preloaded using link preload but not used within a few seconds from the window's load event. Please make sure it has an appropriate `as` value and it is preloaded intentionally. @ https://vercel.com/maluarai/maluar-ai/settings/environment-variables:0
[  870356ms] [WARNING] The resource https://vercel.com/_next/static/chunks/1_noe_sqa8v1o.css?dpl=dpl_BgqwAw3ywL31hobLKbHAZ7Vv5d9D was preloaded using link preload but not used within a few seconds from the window's load event. Please make sure it has an appropriate `as` value and it is preloaded intentionally. @ https://vercel.com/maluarai/maluar-ai/settings/environment-variables:0
[  870356ms] [WARNING] The resource https://vercel.com/_next/static/chunks/23gt4n5nm5310.css?dpl=dpl_BgqwAw3ywL31hobLKbHAZ7Vv5d9D was preloaded using link preload but not used within a few seconds from the window's load event. Please make sure it has an appropriate `as` value and it is preloaded intentionally. @ https://vercel.com/maluarai/maluar-ai/settings/environment-variables:0
[  870356ms] [WARNING] The resource https://vercel.com/_next/static/chunks/3trafgdyw6a92.css?dpl=dpl_BgqwAw3ywL31hobLKbHAZ7Vv5d9D was preloaded using link preload but not used within a few seconds from the window's load event. Please make sure it has an appropriate `as` value and it is preloaded intentionally. @ https://vercel.com/maluarai/maluar-ai/settings/environment-variables:0
[  870356ms] [WARNING] The resource https://vercel.com/_next/static/chunks/13t1j7hlxsp-_.css?dpl=dpl_BgqwAw3ywL31hobLKbHAZ7Vv5d9D was preloaded using link preload but not used within a few seconds from the window's load event. Please make sure it has an appropriate `as` value and it is preloaded intentionally. @ https://vercel.com/maluarai/maluar-ai/settings/environment-variables:0
[  870356ms] [WARNING] The resource https://vercel.com/_next/static/chunks/331houzahe0cs.css?dpl=dpl_BgqwAw3ywL31hobLKbHAZ7Vv5d9D was preloaded using link preload but not used within a few seconds from the window's load event. Please make sure it has an appropriate `as` value and it is preloaded intentionally. @ https://vercel.com/maluarai/maluar-ai/settings/environment-variables:0
[  870356ms] [WARNING] The resource https://vercel.com/_next/static/chunks/3eqxfya23p0wi.css?dpl=dpl_BgqwAw3ywL31hobLKbHAZ7Vv5d9D was preloaded using link preload but not used within a few seconds from the window's load event. Please make sure it has an appropriate `as` value and it is preloaded intentionally. @ https://vercel.com/maluarai/maluar-ai/settings/environment-variables:0
[  870356ms] [WARNING] The resource https://vercel.com/_next/static/chunks/1uw1dgdf8jkn6.css?dpl=dpl_BgqwAw3ywL31hobLKbHAZ7Vv5d9D was preloaded using link preload but not used within a few seconds from the window's load event. Please make sure it has an appropriate `as` value and it is preloaded intentionally. @ https://vercel.com/maluarai/maluar-ai/settings/environment-variables:0
[  870356ms] [WARNING] The resource https://vercel.com/_next/static/chunks/09fd2re-f94a3.css?dpl=dpl_BgqwAw3ywL31hobLKbHAZ7Vv5d9D was preloaded using link preload but not used within a few seconds from the window's load event. Please make sure it has an appropriate `as` value and it is preloaded intentionally. @ https://vercel.com/maluarai/maluar-ai/settings/environment-variables:0
[  870356ms] [WARNING] The resource https://vercel.com/_next/static/chunks/06yiolhlvvowy.css?dpl=dpl_BgqwAw3ywL31hobLKbHAZ7Vv5d9D was preloaded using link preload but not used within a few seconds from the window's load event. Please make sure it has an appropriate `as` value and it is preloaded intentionally. @ https://vercel.com/maluarai/maluar-ai/settings/environment-variables:0
[ 1421674ms] [WARNING] The resource https://vercel.com/_next/static/chunks/0py1m4_-zl6s0.css?dpl=dpl_BgqwAw3ywL31hobLKbHAZ7Vv5d9D was preloaded using link preload but not used within a few seconds from the window's load event. Please make sure it has an appropriate `as` value and it is preloaded intentionally. @ https://vercel.com/maluarai/maluar-ai/settings/environment-variables:0
[ 1421674ms] [WARNING] The resource https://vercel.com/_next/static/chunks/25nnd13fh_4k5.css?dpl=dpl_BgqwAw3ywL31hobLKbHAZ7Vv5d9D was preloaded using link preload but not used within a few seconds from the window's load event. Please make sure it has an appropriate `as` value and it is preloaded intentionally. @ https://vercel.com/maluarai/maluar-ai/settings/environment-variables:0
[ 1421674ms] [WARNING] The resource https://vercel.com/_next/static/chunks/3-nexyhftg-t3.css?dpl=dpl_BgqwAw3ywL31hobLKbHAZ7Vv5d9D was preloaded using link preload but not used within a few seconds from the window's load event. Please make sure it has an appropriate `as` value and it is preloaded intentionally. @ https://vercel.com/maluarai/maluar-ai/settings/environment-variables:0
[ 1421674ms] [WARNING] The resource https://vercel.com/_next/static/chunks/30eev0j8vyh7f.css?dpl=dpl_BgqwAw3ywL31hobLKbHAZ7Vv5d9D was preloaded using link preload but not used within a few seconds from the window's load event. Please make sure it has an appropriate `as` value and it is preloaded intentionally. @ https://vercel.com/maluarai/maluar-ai/settings/environment-variables:0
[ 1421674ms] [WARNING] The resource https://vercel.com/_next/static/chunks/1dauoccxptplq.css?dpl=dpl_BgqwAw3ywL31hobLKbHAZ7Vv5d9D was preloaded using link preload but not used within a few seconds from the window's load event. Please make sure it has an appropriate `as` value and it is preloaded intentionally. @ https://vercel.com/maluarai/maluar-ai/settings/environment-variables:0
[ 1421674ms] [WARNING] The resource https://vercel.com/_next/static/chunks/15z6hqmqioxmw.css?dpl=dpl_BgqwAw3ywL31hobLKbHAZ7Vv5d9D was preloaded using link preload but not used within a few seconds from the window's load event. Please make sure it has an appropriate `as` value and it is preloaded intentionally. @ https://vercel.com/maluarai/maluar-ai/settings/environment-variables:0
[ 1421674ms] [WARNING] The resource https://vercel.com/_next/static/chunks/0bfk5e02tdibj.css?dpl=dpl_BgqwAw3ywL31hobLKbHAZ7Vv5d9D was preloaded using link preload but not used within a few seconds from the window's load event. Please make sure it has an appropriate `as` value and it is preloaded intentionally. @ https://vercel.com/maluarai/maluar-ai/settings/environment-variables:0
[ 1421674ms] [WARNING] The resource https://vercel.com/_next/static/chunks/1_37s3uag80b2.css?dpl=dpl_BgqwAw3ywL31hobLKbHAZ7Vv5d9D was preloaded using link preload but not used within a few seconds from the window's load event. Please make sure it has an appropriate `as` value and it is preloaded intentionally. @ https://vercel.com/maluarai/maluar-ai/settings/environment-variables:0
[ 1421674ms] [WARNING] The resource https://vercel.com/_next/static/chunks/2tiezuxok7loi.css?dpl=dpl_BgqwAw3ywL31hobLKbHAZ7Vv5d9D was preloaded using link preload but not used within a few seconds from the window's load event. Please make sure it has an appropriate `as` value and it is preloaded intentionally. @ https://vercel.com/maluarai/maluar-ai/settings/environment-variables:0
[ 1421674ms] [WARNING] The resource https://vercel.com/_next/static/chunks/17f0l6hzzjgle.css?dpl=dpl_BgqwAw3ywL31hobLKbHAZ7Vv5d9D was preloaded using link preload but not used within a few seconds from the window's load event. Please make sure it has an appropriate `as` value and it is preloaded intentionally. @ https://vercel.com/maluarai/maluar-ai/settings/environment-variables:0
[ 1421674ms] [WARNING] The resource https://vercel.com/_next/static/chunks/1osj3xgh9qd8m.css?dpl=dpl_BgqwAw3ywL31hobLKbHAZ7Vv5d9D was preloaded using link preload but not used within a few seconds from the window's load event. Please make sure it has an appropriate `as` value and it is preloaded intentionally. @ https://vercel.com/maluarai/maluar-ai/settings/environment-variables:0
[ 1421674ms] [WARNING] The resource https://vercel.com/_next/static/chunks/1q0xil20t6asv.css?dpl=dpl_BgqwAw3ywL31hobLKbHAZ7Vv5d9D was preloaded using link preload but not used within a few seconds from the window's load event. Please make sure it has an appropriate `as` value and it is preloaded intentionally. @ https://vercel.com/maluarai/maluar-ai/settings/environment-variables:0
[ 1421674ms] [WARNING] The resource https://vercel.com/_next/static/chunks/3-uwim4km9d2w.css?dpl=dpl_BgqwAw3ywL31hobLKbHAZ7Vv5d9D was preloaded using link preload but not used within a few seconds from the window's load event. Please make sure it has an appropriate `as` value and it is preloaded intentionally. @ https://vercel.com/maluarai/maluar-ai/settings/environment-variables:0
[ 1421674ms] [WARNING] The resource https://vercel.com/_next/static/chunks/1_noe_sqa8v1o.css?dpl=dpl_BgqwAw3ywL31hobLKbHAZ7Vv5d9D was preloaded using link preload but not used within a few seconds from the window's load event. Please make sure it has an appropriate `as` value and it is preloaded intentionally. @ https://vercel.com/maluarai/maluar-ai/settings/environment-variables:0
[ 1421674ms] [WARNING] The resource https://vercel.com/_next/static/chunks/23gt4n5nm5310.css?dpl=dpl_BgqwAw3ywL31hobLKbHAZ7Vv5d9D was preloaded using link preload but not used within a few seconds from the window's load event. Please make sure it has an appropriate `as` value and it is preloaded intentionally. @ https://vercel.com/maluarai/maluar-ai/settings/environment-variables:0
[ 1421674ms] [WARNING] The resource https://vercel.com/_next/static/chunks/3trafgdyw6a92.css?dpl=dpl_BgqwAw3ywL31hobLKbHAZ7Vv5d9D was preloaded using link preload but not used within a few seconds from the window's load event. Please make sure it has an appropriate `as` value and it is preloaded intentionally. @ https://vercel.com/maluarai/maluar-ai/settings/environment-variables:0
[ 1421674ms] [WARNING] The resource https://vercel.com/_next/static/chunks/13t1j7hlxsp-_.css?dpl=dpl_BgqwAw3ywL31hobLKbHAZ7Vv5d9D was preloaded using link preload but not used within a few seconds from the window's load event. Please make sure it has an appropriate `as` value and it is preloaded intentionally. @ https://vercel.com/maluarai/maluar-ai/settings/environment-variables:0
[ 1421674ms] [WARNING] The resource https://vercel.com/_next/static/chunks/331houzahe0cs.css?dpl=dpl_BgqwAw3ywL31hobLKbHAZ7Vv5d9D was preloaded using link preload but not used within a few seconds from the window's load event. Please make sure it has an appropriate `as` value and it is preloaded intentionally. @ https://vercel.com/maluarai/maluar-ai/settings/environment-variables:0
[ 1421674ms] [WARNING] The resource https://vercel.com/_next/static/chunks/3eqxfya23p0wi.css?dpl=dpl_BgqwAw3ywL31hobLKbHAZ7Vv5d9D was preloaded using link preload but not used within a few seconds from the window's load event. Please make sure it has an appropriate `as` value and it is preloaded intentionally. @ https://vercel.com/maluarai/maluar-ai/settings/environment-variables:0
[ 1421674ms] [WARNING] The resource https://vercel.com/_next/static/chunks/1uw1dgdf8jkn6.css?dpl=dpl_BgqwAw3ywL31hobLKbHAZ7Vv5d9D was preloaded using link preload but not used within a few seconds from the window's load event. Please make sure it has an appropriate `as` value and it is preloaded intentionally. @ https://vercel.com/maluarai/maluar-ai/settings/environment-variables:0
[ 1421674ms] [WARNING] The resource https://vercel.com/_next/static/chunks/09fd2re-f94a3.css?dpl=dpl_BgqwAw3ywL31hobLKbHAZ7Vv5d9D was preloaded using link preload but not used within a few seconds from the window's load event. Please make sure it has an appropriate `as` value and it is preloaded intentionally. @ https://vercel.com/maluarai/maluar-ai/settings/environment-variables:0
[ 1421674ms] [WARNING] The resource https://vercel.com/_next/static/chunks/06yiolhlvvowy.css?dpl=dpl_BgqwAw3ywL31hobLKbHAZ7Vv5d9D was preloaded using link preload but not used within a few seconds from the window's load event. Please make sure it has an appropriate `as` value and it is preloaded intentionally. @ https://vercel.com/maluarai/maluar-ai/settings/environment-variables:0
[ 1428026ms] [WARNING] The resource https://vercel.com/_next/static/chunks/0py1m4_-zl6s0.css?dpl=dpl_BgqwAw3ywL31hobLKbHAZ7Vv5d9D was preloaded using link preload but not used within a few seconds from the window's load event. Please make sure it has an appropriate `as` value and it is preloaded intentionally. @ https://vercel.com/maluarai/maluar-ai/settings/environment-variables:0
[ 1428026ms] [WARNING] The resource https://vercel.com/_next/static/chunks/25nnd13fh_4k5.css?dpl=dpl_BgqwAw3ywL31hobLKbHAZ7Vv5d9D was preloaded using link preload but not used within a few seconds from the window's load event. Please make sure it has an appropriate `as` value and it is preloaded intentionally. @ https://vercel.com/maluarai/maluar-ai/settings/environment-variables:0
[ 1428026ms] [WARNING] The resource https://vercel.com/_next/static/chunks/3-nexyhftg-t3.css?dpl=dpl_BgqwAw3ywL31hobLKbHAZ7Vv5d9D was preloaded using link preload but not used within a few seconds from the window's load event. Please make sure it has an appropriate `as` value and it is preloaded intentionally. @ https://vercel.com/maluarai/maluar-ai/settings/environment-variables:0
[ 1428026ms] [WARNING] The resource https://vercel.com/_next/static/chunks/30eev0j8vyh7f.css?dpl=dpl_BgqwAw3ywL31hobLKbHAZ7Vv5d9D was preloaded using link preload but not used within a few seconds from the window's load event. Please make sure it has an appropriate `as` value and it is preloaded intentionally. @ https://vercel.com/maluarai/maluar-ai/settings/environment-variables:0
[ 1428026ms] [WARNING] The resource https://vercel.com/_next/static/chunks/1dauoccxptplq.css?dpl=dpl_BgqwAw3ywL31hobLKbHAZ7Vv5d9D was preloaded using link preload but not used within a few seconds from the window's load event. Please make sure it has an appropriate `as` value and it is preloaded intentionally. @ https://vercel.com/maluarai/maluar-ai/settings/environment-variables:0
[ 1428026ms] [WARNING] The resource https://vercel.com/_next/static/chunks/15z6hqmqioxmw.css?dpl=dpl_BgqwAw3ywL31hobLKbHAZ7Vv5d9D was preloaded using link preload but not used within a few seconds from the window's load event. Please make sure it has an appropriate `as` value and it is preloaded intentionally. @ https://vercel.com/maluarai/maluar-ai/settings/environment-variables:0
[ 1428026ms] [WARNING] The resource https://vercel.com/_next/static/chunks/0bfk5e02tdibj.css?dpl=dpl_BgqwAw3ywL31hobLKbHAZ7Vv5d9D was preloaded using link preload but not used within a few seconds from the window's load event. Please make sure it has an appropriate `as` value and it is preloaded intentionally. @ https://vercel.com/maluarai/maluar-ai/settings/environment-variables:0
[ 1428026ms] [WARNING] The resource https://vercel.com/_next/static/chunks/1_37s3uag80b2.css?dpl=dpl_BgqwAw3ywL31hobLKbHAZ7Vv5d9D was preloaded using link preload but not used within a few seconds from the window's load event. Please make sure it has an appropriate `as` value and it is preloaded intentionally. @ https://vercel.com/maluarai/maluar-ai/settings/environment-variables:0
[ 1428026ms] [WARNING] The resource https://vercel.com/_next/static/chunks/2tiezuxok7loi.css?dpl=dpl_BgqwAw3ywL31hobLKbHAZ7Vv5d9D was preloaded using link preload but not used within a few seconds from the window's load event. Please make sure it has an appropriate `as` value and it is preloaded intentionally. @ https://vercel.com/maluarai/maluar-ai/settings/environment-variables:0
[ 1428026ms] [WARNING] The resource https://vercel.com/_next/static/chunks/17f0l6hzzjgle.css?dpl=dpl_BgqwAw3ywL31hobLKbHAZ7Vv5d9D was preloaded using link preload but not used within a few seconds from the window's load event. Please make sure it has an appropriate `as` value and it is preloaded intentionally. @ https://vercel.com/maluarai/maluar-ai/settings/environment-variables:0
[ 1428026ms] [WARNING] The resource https://vercel.com/_next/static/chunks/1osj3xgh9qd8m.css?dpl=dpl_BgqwAw3ywL31hobLKbHAZ7Vv5d9D was preloaded using link preload but not used within a few seconds from the window's load event. Please make sure it has an appropriate `as` value and it is preloaded intentionally. @ https://vercel.com/maluarai/maluar-ai/settings/environment-variables:0
[ 1428026ms] [WARNING] The resource https://vercel.com/_next/static/chunks/1q0xil20t6asv.css?dpl=dpl_BgqwAw3ywL31hobLKbHAZ7Vv5d9D was preloaded using link preload but not used within a few seconds from the window's load event. Please make sure it has an appropriate `as` value and it is preloaded intentionally. @ https://vercel.com/maluarai/maluar-ai/settings/environment-variables:0
[ 1428026ms] [WARNING] The resource https://vercel.com/_next/static/chunks/3-uwim4km9d2w.css?dpl=dpl_BgqwAw3ywL31hobLKbHAZ7Vv5d9D was preloaded using link preload but not used within a few seconds from the window's load event. Please make sure it has an appropriate `as` value and it is preloaded intentionally. @ https://vercel.com/maluarai/maluar-ai/settings/environment-variables:0
[ 1428026ms] [WARNING] The resource https://vercel.com/_next/static/chunks/1_noe_sqa8v1o.css?dpl=dpl_BgqwAw3ywL31hobLKbHAZ7Vv5d9D was preloaded using link preload but not used within a few seconds from the window's load event. Please make sure it has an appropriate `as` value and it is preloaded intentionally. @ https://vercel.com/maluarai/maluar-ai/settings/environment-variables:0
[ 1428026ms] [WARNING] The resource https://vercel.com/_next/static/chunks/23gt4n5nm5310.css?dpl=dpl_BgqwAw3ywL31hobLKbHAZ7Vv5d9D was preloaded using link preload but not used within a few seconds from the window's load event. Please make sure it has an appropriate `as` value and it is preloaded intentionally. @ https://vercel.com/maluarai/maluar-ai/settings/environment-variables:0
[ 1428026ms] [WARNING] The resource https://vercel.com/_next/static/chunks/3trafgdyw6a92.css?dpl=dpl_BgqwAw3ywL31hobLKbHAZ7Vv5d9D was preloaded using link preload but not used within a few seconds from the window's load event. Please make sure it has an appropriate `as` value and it is preloaded intentionally. @ https://vercel.com/maluarai/maluar-ai/settings/environment-variables:0
[ 1428026ms] [WARNING] The resource https://vercel.com/_next/static/chunks/13t1j7hlxsp-_.css?dpl=dpl_BgqwAw3ywL31hobLKbHAZ7Vv5d9D was preloaded using link preload but not used within a few seconds from the window's load event. Please make sure it has an appropriate `as` value and it is preloaded intentionally. @ https://vercel.com/maluarai/maluar-ai/settings/environment-variables:0
[ 1428026ms] [WARNING] The resource https://vercel.com/_next/static/chunks/331houzahe0cs.css?dpl=dpl_BgqwAw3ywL31hobLKbHAZ7Vv5d9D was preloaded using link preload but not used within a few seconds from the window's load event. Please make sure it has an appropriate `as` value and it is preloaded intentionally. @ https://vercel.com/maluarai/maluar-ai/settings/environment-variables:0
[ 1428026ms] [WARNING] The resource https://vercel.com/_next/static/chunks/3eqxfya23p0wi.css?dpl=dpl_BgqwAw3ywL31hobLKbHAZ7Vv5d9D was preloaded using link preload but not used within a few seconds from the window's load event. Please make sure it has an appropriate `as` value and it is preloaded intentionally. @ https://vercel.com/maluarai/maluar-ai/settings/environment-variables:0
[ 1428026ms] [WARNING] The resource https://vercel.com/_next/static/chunks/1uw1dgdf8jkn6.css?dpl=dpl_BgqwAw3ywL31hobLKbHAZ7Vv5d9D was preloaded using link preload but not used within a few seconds from the window's load event. Please make sure it has an appropriate `as` value and it is preloaded intentionally. @ https://vercel.com/maluarai/maluar-ai/settings/environment-variables:0
[ 1428026ms] [WARNING] The resource https://vercel.com/_next/static/chunks/09fd2re-f94a3.css?dpl=dpl_BgqwAw3ywL31hobLKbHAZ7Vv5d9D was preloaded using link preload but not used within a few seconds from the window's load event. Please make sure it has an appropriate `as` value and it is preloaded intentionally. @ https://vercel.com/maluarai/maluar-ai/settings/environment-variables:0
[ 1428026ms] [WARNING] The resource https://vercel.com/_next/static/chunks/06yiolhlvvowy.css?dpl=dpl_BgqwAw3ywL31hobLKbHAZ7Vv5d9D was preloaded using link preload but not used within a few seconds from the window's load event. Please make sure it has an appropriate `as` value and it is preloaded intentionally. @ https://vercel.com/maluarai/maluar-ai/settings/environment-variables:0
[ 1462202ms] [WARNING] The resource https://vercel.com/_next/static/chunks/0py1m4_-zl6s0.css?dpl=dpl_BgqwAw3ywL31hobLKbHAZ7Vv5d9D was preloaded using link preload but not used within a few seconds from the window's load event. Please make sure it has an appropriate `as` value and it is preloaded intentionally. @ https://vercel.com/maluarai/maluar-ai/settings/environment-variables:0
[ 1462202ms] [WARNING] The resource https://vercel.com/_next/static/chunks/25nnd13fh_4k5.css?dpl=dpl_BgqwAw3ywL31hobLKbHAZ7Vv5d9D was preloaded using link preload but not used within a few seconds from the window's load event. Please make sure it has an appropriate `as` value and it is preloaded intentionally. @ https://vercel.com/maluarai/maluar-ai/settings/environment-variables:0
[ 1462202ms] [WARNING] The resource https://vercel.com/_next/static/chunks/3-nexyhftg-t3.css?dpl=dpl_BgqwAw3ywL31hobLKbHAZ7Vv5d9D was preloaded using link preload but not used within a few seconds from the window's load event. Please make sure it has an appropriate `as` value and it is preloaded intentionally. @ https://vercel.com/maluarai/maluar-ai/settings/environment-variables:0
[ 1462202ms] [WARNING] The resource https://vercel.com/_next/static/chunks/30eev0j8vyh7f.css?dpl=dpl_BgqwAw3ywL31hobLKbHAZ7Vv5d9D was preloaded using link preload but not used within a few seconds from the window's load event. Please make sure it has an appropriate `as` value and it is preloaded intentionally. @ https://vercel.com/maluarai/maluar-ai/settings/environment-variables:0
[ 1462202ms] [WARNING] The resource https://vercel.com/_next/static/chunks/1dauoccxptplq.css?dpl=dpl_BgqwAw3ywL31hobLKbHAZ7Vv5d9D was preloaded using link preload but not used within a few seconds from the window's load event. Please make sure it has an appropriate `as` value and it is preloaded intentionally. @ https://vercel.com/maluarai/maluar-ai/settings/environment-variables:0
[ 1462202ms] [WARNING] The resource https://vercel.com/_next/static/chunks/15z6hqmqioxmw.css?dpl=dpl_BgqwAw3ywL31hobLKbHAZ7Vv5d9D was preloaded using link preload but not used within a few seconds from the window's load event. Please make sure it has an appropriate `as` value and it is preloaded intentionally. @ https://vercel.com/maluarai/maluar-ai/settings/environment-variables:0
[ 1462202ms] [WARNING] The resource https://vercel.com/_next/static/chunks/0bfk5e02tdibj.css?dpl=dpl_BgqwAw3ywL31hobLKbHAZ7Vv5d9D was preloaded using link preload but not used within a few seconds from the window's load event. Please make sure it has an appropriate `as` value and it is preloaded intentionally. @ https://vercel.com/maluarai/maluar-ai/settings/environment-variables:0
[ 1462202ms] [WARNING] The resource https://vercel.com/_next/static/chunks/1_37s3uag80b2.css?dpl=dpl_BgqwAw3ywL31hobLKbHAZ7Vv5d9D was preloaded using link preload but not used within a few seconds from the window's load event. Please make sure it has an appropriate `as` value and it is preloaded intentionally. @ https://vercel.com/maluarai/maluar-ai/settings/environment-variables:0
[ 1462202ms] [WARNING] The resource https://vercel.com/_next/static/chunks/2tiezuxok7loi.css?dpl=dpl_BgqwAw3ywL31hobLKbHAZ7Vv5d9D was preloaded using link preload but not used within a few seconds from the window's load event. Please make sure it has an appropriate `as` value and it is preloaded intentionally. @ https://vercel.com/maluarai/maluar-ai/settings/environment-variables:0
[ 1462202ms] [WARNING] The resource https://vercel.com/_next/static/chunks/17f0l6hzzjgle.css?dpl=dpl_BgqwAw3ywL31hobLKbHAZ7Vv5d9D was preloaded using link preload but not used within a few seconds from the window's load event. Please make sure it has an appropriate `as` value and it is preloaded intentionally. @ https://vercel.com/maluarai/maluar-ai/settings/environment-variables:0
[ 1462202ms] [WARNING] The resource https://vercel.com/_next/static/chunks/1osj3xgh9qd8m.css?dpl=dpl_BgqwAw3ywL31hobLKbHAZ7Vv5d9D was preloaded using link preload but not used within a few seconds from the window's load event. Please make sure it has an appropriate `as` value and it is preloaded intentionally. @ https://vercel.com/maluarai/maluar-ai/settings/environment-variables:0
[ 1462202ms] [WARNING] The resource https://vercel.com/_next/static/chunks/1q0xil20t6asv.css?dpl=dpl_BgqwAw3ywL31hobLKbHAZ7Vv5d9D was preloaded using link preload but not used within a few seconds from the window's load event. Please make sure it has an appropriate `as` value and it is preloaded intentionally. @ https://vercel.com/maluarai/maluar-ai/settings/environment-variables:0
[ 1462202ms] [WARNING] The resource https://vercel.com/_next/static/chunks/3-uwim4km9d2w.css?dpl=dpl_BgqwAw3ywL31hobLKbHAZ7Vv5d9D was preloaded using link preload but not used within a few seconds from the window's load event. Please make sure it has an appropriate `as` value and it is preloaded intentionally. @ https://vercel.com/maluarai/maluar-ai/settings/environment-variables:0
[ 1462202ms] [WARNING] The resource https://vercel.com/_next/static/chunks/1_noe_sqa8v1o.css?dpl=dpl_BgqwAw3ywL31hobLKbHAZ7Vv5d9D was preloaded using link preload but not used within a few seconds from the window's load event. Please make sure it has an appropriate `as` value and it is preloaded intentionally. @ https://vercel.com/maluarai/maluar-ai/settings/environment-variables:0
[ 1462202ms] [WARNING] The resource https://vercel.com/_next/static/chunks/23gt4n5nm5310.css?dpl=dpl_BgqwAw3ywL31hobLKbHAZ7Vv5d9D was preloaded using link preload but not used within a few seconds from the window's load event. Please make sure it has an appropriate `as` value and it is preloaded intentionally. @ https://vercel.com/maluarai/maluar-ai/settings/environment-variables:0
[ 1462202ms] [WARNING] The resource https://vercel.com/_next/static/chunks/3trafgdyw6a92.css?dpl=dpl_BgqwAw3ywL31hobLKbHAZ7Vv5d9D was preloaded using link preload but not used within a few seconds from the window's load event. Please make sure it has an appropriate `as` value and it is preloaded intentionally. @ https://vercel.com/maluarai/maluar-ai/settings/environment-variables:0
[ 1462202ms] [WARNING] The resource https://vercel.com/_next/static/chunks/13t1j7hlxsp-_.css?dpl=dpl_BgqwAw3ywL31hobLKbHAZ7Vv5d9D was preloaded using link preload but not used within a few seconds from the window's load event. Please make sure it has an appropriate `as` value and it is preloaded intentionally. @ https://vercel.com/maluarai/maluar-ai/settings/environment-variables:0
[ 1462202ms] [WARNING] The resource https://vercel.com/_next/static/chunks/331houzahe0cs.css?dpl=dpl_BgqwAw3ywL31hobLKbHAZ7Vv5d9D was preloaded using link preload but not used within a few seconds from the window's load event. Please make sure it has an appropriate `as` value and it is preloaded intentionally. @ https://vercel.com/maluarai/maluar-ai/settings/environment-variables:0
[ 1462202ms] [WARNING] The resource https://vercel.com/_next/static/chunks/3eqxfya23p0wi.css?dpl=dpl_BgqwAw3ywL31hobLKbHAZ7Vv5d9D was preloaded using link preload but not used within a few seconds from the window's load event. Please make sure it has an appropriate `as` value and it is preloaded intentionally. @ https://vercel.com/maluarai/maluar-ai/settings/environment-variables:0
[ 1462202ms] [WARNING] The resource https://vercel.com/_next/static/chunks/1uw1dgdf8jkn6.css?dpl=dpl_BgqwAw3ywL31hobLKbHAZ7Vv5d9D was preloaded using link preload but not used within a few seconds from the window's load event. Please make sure it has an appropriate `as` value and it is preloaded intentionally. @ https://vercel.com/maluarai/maluar-ai/settings/environment-variables:0
[ 1462202ms] [WARNING] The resource https://vercel.com/_next/static/chunks/09fd2re-f94a3.css?dpl=dpl_BgqwAw3ywL31hobLKbHAZ7Vv5d9D was preloaded using link preload but not used within a few seconds from the window's load event. Please make sure it has an appropriate `as` value and it is preloaded intentionally. @ https://vercel.com/maluarai/maluar-ai/settings/environment-variables:0
[ 1462202ms] [WARNING] The resource https://vercel.com/_next/static/chunks/06yiolhlvvowy.css?dpl=dpl_BgqwAw3ywL31hobLKbHAZ7Vv5d9D was preloaded using link preload but not used within a few seconds from the window's load event. Please make sure it has an appropriate `as` value and it is preloaded intentionally. @ https://vercel.com/maluarai/maluar-ai/settings/environment-variables:0
[ 1560088ms] [WARNING] The resource https://vercel.com/_next/static/chunks/0py1m4_-zl6s0.css?dpl=dpl_BgqwAw3ywL31hobLKbHAZ7Vv5d9D was preloaded using link preload but not used within a few seconds from the window's load event. Please make sure it has an appropriate `as` value and it is preloaded intentionally. @ https://vercel.com/maluarai/maluar-ai/settings/environment-variables:0
[ 1560088ms] [WARNING] The resource https://vercel.com/_next/static/chunks/25nnd13fh_4k5.css?dpl=dpl_BgqwAw3ywL31hobLKbHAZ7Vv5d9D was preloaded using link preload but not used within a few seconds from the window's load event. Please make sure it has an appropriate `as` value and it is preloaded intentionally. @ https://vercel.com/maluarai/maluar-ai/settings/environment-variables:0
[ 1560088ms] [WARNING] The resource https://vercel.com/_next/static/chunks/3-nexyhftg-t3.css?dpl=dpl_BgqwAw3ywL31hobLKbHAZ7Vv5d9D was preloaded using link preload but not used within a few seconds from the window's load event. Please make sure it has an appropriate `as` value and it is preloaded intentionally. @ https://vercel.com/maluarai/maluar-ai/settings/environment-variables:0
[ 1560088ms] [WARNING] The resource https://vercel.com/_next/static/chunks/30eev0j8vyh7f.css?dpl=dpl_BgqwAw3ywL31hobLKbHAZ7Vv5d9D was preloaded using link preload but not used within a few seconds from the window's load event. Please make sure it has an appropriate `as` value and it is preloaded intentionally. @ https://vercel.com/maluarai/maluar-ai/settings/environment-variables:0
[ 1560088ms] [WARNING] The resource https://vercel.com/_next/static/chunks/1dauoccxptplq.css?dpl=dpl_BgqwAw3ywL31hobLKbHAZ7Vv5d9D was preloaded using link preload but not used within a few seconds from the window's load event. Please make sure it has an appropriate `as` value and it is preloaded intentionally. @ https://vercel.com/maluarai/maluar-ai/settings/environment-variables:0
[ 1560088ms] [WARNING] The resource https://vercel.com/_next/static/chunks/15z6hqmqioxmw.css?dpl=dpl_BgqwAw3ywL31hobLKbHAZ7Vv5d9D was preloaded using link preload but not used within a few seconds from the window's load event. Please make sure it has an appropriate `as` value and it is preloaded intentionally. @ https://vercel.com/maluarai/maluar-ai/settings/environment-variables:0
[ 1560088ms] [WARNING] The resource https://vercel.com/_next/static/chunks/0bfk5e02tdibj.css?dpl=dpl_BgqwAw3ywL31hobLKbHAZ7Vv5d9D was preloaded using link preload but not used within a few seconds from the window's load event. Please make sure it has an appropriate `as` value and it is preloaded intentionally. @ https://vercel.com/maluarai/maluar-ai/settings/environment-variables:0
[ 1560088ms] [WARNING] The resource https://vercel.com/_next/static/chunks/1_37s3uag80b2.css?dpl=dpl_BgqwAw3ywL31hobLKbHAZ7Vv5d9D was preloaded using link preload but not used within a few seconds from the window's load event. Please make sure it has an appropriate `as` value and it is preloaded intentionally. @ https://vercel.com/maluarai/maluar-ai/settings/environment-variables:0
[ 1560088ms] [WARNING] The resource https://vercel.com/_next/static/chunks/2tiezuxok7loi.css?dpl=dpl_BgqwAw3ywL31hobLKbHAZ7Vv5d9D was preloaded using link preload but not used within a few seconds from the window's load event. Please make sure it has an appropriate `as` value and it is preloaded intentionally. @ https://vercel.com/maluarai/maluar-ai/settings/environment-variables:0
[ 1560088ms] [WARNING] The resource https://vercel.com/_next/static/chunks/17f0l6hzzjgle.css?dpl=dpl_BgqwAw3ywL31hobLKbHAZ7Vv5d9D was preloaded using link preload but not used within a few seconds from the window's load event. Please make sure it has an appropriate `as` value and it is preloaded intentionally. @ https://vercel.com/maluarai/maluar-ai/settings/environment-variables:0
[ 1560089ms] [WARNING] The resource https://vercel.com/_next/static/chunks/1osj3xgh9qd8m.css?dpl=dpl_BgqwAw3ywL31hobLKbHAZ7Vv5d9D was preloaded using link preload but not used within a few seconds from the window's load event. Please make sure it has an appropriate `as` value and it is preloaded intentionally. @ https://vercel.com/maluarai/maluar-ai/settings/environment-variables:0
[ 1560089ms] [WARNING] The resource https://vercel.com/_next/static/chunks/1q0xil20t6asv.css?dpl=dpl_BgqwAw3ywL31hobLKbHAZ7Vv5d9D was preloaded using link preload but not used within a few seconds from the window's load event. Please make sure it has an appropriate `as` value and it is preloaded intentionally. @ https://vercel.com/maluarai/maluar-ai/settings/environment-variables:0
[ 1560089ms] [WARNING] The resource https://vercel.com/_next/static/chunks/3-uwim4km9d2w.css?dpl=dpl_BgqwAw3ywL31hobLKbHAZ7Vv5d9D was preloaded using link preload but not used within a few seconds from the window's load event. Please make sure it has an appropriate `as` value and it is preloaded intentionally. @ https://vercel.com/maluarai/maluar-ai/settings/environment-variables:0
[ 1560089ms] [WARNING] The resource https://vercel.com/_next/static/chunks/1_noe_sqa8v1o.css?dpl=dpl_BgqwAw3ywL31hobLKbHAZ7Vv5d9D was preloaded using link preload but not used within a few seconds from the window's load event. Please make sure it has an appropriate `as` value and it is preloaded intentionally. @ https://vercel.com/maluarai/maluar-ai/settings/environment-variables:0
[ 1560089ms] [WARNING] The resource https://vercel.com/_next/static/chunks/23gt4n5nm5310.css?dpl=dpl_BgqwAw3ywL31hobLKbHAZ7Vv5d9D was preloaded using link preload but not used within a few seconds from the window's load event. Please make sure it has an appropriate `as` value and it is preloaded intentionally. @ https://vercel.com/maluarai/maluar-ai/settings/environment-variables:0
[ 1560089ms] [WARNING] The resource https://vercel.com/_next/static/chunks/3trafgdyw6a92.css?dpl=dpl_BgqwAw3ywL31hobLKbHAZ7Vv5d9D was preloaded using link preload but not used within a few seconds from the window's load event. Please make sure it has an appropriate `as` value and it is preloaded intentionally. @ https://vercel.com/maluarai/maluar-ai/settings/environment-variables:0
[ 1560089ms] [WARNING] The resource https://vercel.com/_next/static/chunks/13t1j7hlxsp-_.css?dpl=dpl_BgqwAw3ywL31hobLKbHAZ7Vv5d9D was preloaded using link preload but not used within a few seconds from the window's load event. Please make sure it has an appropriate `as` value and it is preloaded intentionally. @ https://vercel.com/maluarai/maluar-ai/settings/environment-variables:0
[ 1560089ms] [WARNING] The resource https://vercel.com/_next/static/chunks/331houzahe0cs.css?dpl=dpl_BgqwAw3ywL31hobLKbHAZ7Vv5d9D was preloaded using link preload but not used within a few seconds from the window's load event. Please make sure it has an appropriate `as` value and it is preloaded intentionally. @ https://vercel.com/maluarai/maluar-ai/settings/environment-variables:0
[ 1560089ms] [WARNING] The resource https://vercel.com/_next/static/chunks/3eqxfya23p0wi.css?dpl=dpl_BgqwAw3ywL31hobLKbHAZ7Vv5d9D was preloaded using link preload but not used within a few seconds from the window's load event. Please make sure it has an appropriate `as` value and it is preloaded intentionally. @ https://vercel.com/maluarai/maluar-ai/settings/environment-variables:0
[ 1560089ms] [WARNING] The resource https://vercel.com/_next/static/chunks/1uw1dgdf8jkn6.css?dpl=dpl_BgqwAw3ywL31hobLKbHAZ7Vv5d9D was preloaded using link preload but not used within a few seconds from the window's load event. Please make sure it has an appropriate `as` value and it is preloaded intentionally. @ https://vercel.com/maluarai/maluar-ai/settings/environment-variables:0
[ 1560089ms] [WARNING] The resource https://vercel.com/_next/static/chunks/09fd2re-f94a3.css?dpl=dpl_BgqwAw3ywL31hobLKbHAZ7Vv5d9D was preloaded using link preload but not used within a few seconds from the window's load event. Please make sure it has an appropriate `as` value and it is preloaded intentionally. @ https://vercel.com/maluarai/maluar-ai/settings/environment-variables:0
[ 1560089ms] [WARNING] The resource https://vercel.com/_next/static/chunks/06yiolhlvvowy.css?dpl=dpl_BgqwAw3ywL31hobLKbHAZ7Vv5d9D was preloaded using link preload but not used within a few seconds from the window's load event. Please make sure it has an appropriate `as` value and it is preloaded intentionally. @ https://vercel.com/maluarai/maluar-ai/settings/environment-variables:0
